<?xml version="1.0" encoding="UTF-8"?>
<!-- Generated by org.testng.reporters.JUnitReportReporter -->
<testsuite skipped="0" hostname="LAPTOP-RN7TM8CP" name="qaclickacademy.SeleniumTest" tests="2" failures="0" timestamp="2020-11-02T22:34:03 IST" time="0.001" errors="0">
  <testcase name="Elementsui" time="0.000" classname="qaclickacademy.SeleniumTest"/>
  <system-out/>
  <testcase name="browser" time="0.001" classname="qaclickacademy.SeleniumTest"/>
  <system-out/>
</testsuite> <!-- qaclickacademy.SeleniumTest -->
