<?xml version="1.0" encoding="UTF-8"?>
<!-- Generated by org.testng.reporters.JUnitReportReporter -->
<testsuite skipped="0" hostname="LAPTOP-RN7TM8CP" name="qaclickacademy.RestAPITest" tests="2" failures="0" timestamp="2020-11-02T22:34:03 IST" time="0.002" errors="0">
  <testcase name="Deletetwitter" time="0.001" classname="qaclickacademy.RestAPITest"/>
  <system-out/>
  <testcase name="PostJira" time="0.001" classname="qaclickacademy.RestAPITest"/>
  <system-out/>
</testsuite> <!-- qaclickacademy.RestAPITest -->
