<?xml version="1.0" encoding="UTF-8"?>
<!-- Generated by org.testng.reporters.JUnitReportReporter -->
<testsuite skipped="0" hostname="LAPTOP-RN7TM8CP" name="qaclickacademy.AppiumTest" tests="2" failures="0" timestamp="2020-11-02T22:34:03 IST" time="0.008" errors="0">
  <testcase name="IOSapp" time="0.007" classname="qaclickacademy.AppiumTest"/>
  <system-out/>
  <testcase name="Nativeappandroid" time="0.001" classname="qaclickacademy.AppiumTest"/>
  <system-out/>
</testsuite> <!-- qaclickacademy.AppiumTest -->
